/Applications/CLion.app/Contents/bin/cmake/mac/bin/cmake -DCMAKE_MAKE_PROGRAM=/Applications/CLion.app/Contents/bin/ninja/mac/ninja -G Ninja -S /Users/EdibertoReyes_1/CLionProjects/untitled32 -B /Users/EdibertoReyes_1/CLionProjects/untitled32/cmake-build-default
-- The C compiler identification is unknown
-- The CXX compiler identification is unknown
-- Detecting C compiler ABI info
-- Detecting C compiler ABI info - failed
-- Check for working C compiler: /usr/bin/cc
-- Check for working C compiler: /usr/bin/cc - broken
CMake Error at /Applications/CLion.app/Contents/bin/cmake/mac/share/cmake-3.26/Modules/CMakeTestCCompiler.cmake:67 (message):
  The C compiler

    "/usr/bin/cc"

  is not able to compile a simple test program.

  It fails with the following output:

    Change Dir: /Users/EdibertoReyes_1/CLionProjects/untitled32/cmake-build-default/CMakeFiles/CMakeScratch/TryCompile-Pabs3s
    
    Run Build Command(s):/Applications/CLion.app/Contents/bin/ninja/mac/ninja -v cmTC_eb09b && [1/2] /usr/bin/cc   -arch arm64 -o CMakeFiles/cmTC_eb09b.dir/testCCompiler.c.o -c /Users/EdibertoReyes_1/CLionProjects/untitled32/cmake-build-default/CMakeFiles/CMakeScratch/TryCompile-Pabs3s/testCCompiler.c
    FAILED: CMakeFiles/cmTC_eb09b.dir/testCCompiler.c.o 
    /usr/bin/cc   -arch arm64 -o CMakeFiles/cmTC_eb09b.dir/testCCompiler.c.o -c /Users/EdibertoReyes_1/CLionProjects/untitled32/cmake-build-default/CMakeFiles/CMakeScratch/TryCompile-Pabs3s/testCCompiler.c
    xcrun: error: invalid active developer path (/Library/Developer/CommandLineTools), missing xcrun at: /Library/Developer/CommandLineTools/usr/bin/xcrun
    ninja: build stopped: subcommand failed.
    
    

  

  CMake will not be able to correctly generate this project.
Call Stack (most recent call first):
  CMakeLists.txt:2 (project)


-- Configuring incomplete, errors occurred!
